<?xml version="1.0" encoding="UTF-8"?>
<!-- Generated by org.testng.reporters.JUnitReportReporter -->
<testsuite hostname="RajeshKibb" failures="0" tests="5" name="Login.Login" time="26.370" errors="0" timestamp="2024-06-26T19:33:18 IST" skipped="0">
  <testcase classname="Login.Login" name="Selectcompany" time="3.259"/>
  <system-out/>
  <testcase classname="Login.Login" name="log" time="0.394"/>
  <system-out/>
  <testcase classname="Login.Login" name="cred" time="0.613"/>
  <system-out/>
  <testcase classname="Login.Login" name="Tripss" time="1.127"/>
  <system-out/>
  <testcase classname="Login.Login" name="CheckBox" time="20.977"/>
  <system-out/>
</testsuite> <!-- Login.Login -->
